<?xml version="1.0" encoding="UTF-8"?>
<!-- Generated by org.testng.reporters.JUnitReportReporter -->
<testsuite hostname="USHYDANWRE1" failures="0" tests="1" name="maven.RestAssuredExamples" time="2.065" errors="0" timestamp="2021-08-20T17:13:39 IST" skipped="0">
  <testcase classname="maven.RestAssuredExamples" name="postFuncCreatePost" time="2.065"/>
  <system-out/>
</testsuite> <!-- maven.RestAssuredExamples -->
