<?xml version="1.0" encoding="UTF-8"?>
<!-- Generated by org.testng.reporters.JUnitReportReporter -->
<testsuite hostname="USHYDANWRE1" failures="0" tests="1" name="maven.Ajio" time="29.066" errors="0" timestamp="2021-11-22T11:17:37 IST" skipped="0">
  <testcase classname="maven.Ajio" name="test" time="29.066"/>
  <system-out/>
</testsuite> <!-- maven.Ajio -->
