<?xml version="1.0" encoding="UTF-8"?>
<!-- Generated by org.testng.reporters.JUnitReportReporter -->
<testsuite hostname="USHYDANWRE1" failures="0" tests="1" name="maven.BrokenLinks" time="74.739" errors="0" timestamp="2021-08-23T11:20:56 IST" skipped="0">
  <testcase classname="maven.BrokenLinks" name="test001" time="74.739"/>
  <system-out/>
</testsuite> <!-- maven.BrokenLinks -->
