<?xml version="1.0" encoding="UTF-8"?>
<!-- Generated by org.testng.reporters.JUnitReportReporter -->
<testsuite hostname="USHYDANWRE1" failures="0" tests="1" name="maven.GridSetup" time="4.489" errors="0" timestamp="2021-08-17T15:57:19 IST" skipped="0">
  <testcase classname="maven.GridSetup" name="testGridNodes" time="4.489"/>
  <system-out/>
</testsuite> <!-- maven.GridSetup -->
