<?xml version="1.0" encoding="UTF-8"?>
<!-- Generated by org.testng.reporters.JUnitReportReporter -->
<testsuite hostname="USHYDANWRE1" failures="0" tests="1" name="maven.Testngtest" time="37.231" errors="0" timestamp="2022-02-25T22:51:20 IST" skipped="0">
  <testcase classname="maven.Testngtest" name="test_SeleniumDemoPage" time="37.231"/>
  <system-out/>
</testsuite> <!-- maven.Testngtest -->
