<?xml version="1.0" encoding="UTF-8"?>
<!-- Generated by org.testng.reporters.JUnitReportReporter -->
<testsuite hostname="USHYDANWRE1" failures="0" tests="1" name="maven.RestAssureddupli" time="2.016" errors="0" timestamp="2021-08-23T15:19:29 IST" skipped="0">
  <testcase classname="maven.RestAssureddupli" name="postFuncCreatePost" time="2.016"/>
  <system-out/>
</testsuite> <!-- maven.RestAssureddupli -->
