<?xml version="1.0" encoding="UTF-8"?>
<!-- Generated by org.testng.reporters.JUnitReportReporter -->
<testsuite hostname="USHYDANWRE1" failures="0" tests="1" name="maven.dropdown" time="15.176" errors="0" timestamp="2021-08-17T23:55:49 IST" skipped="0">
  <testcase classname="maven.dropdown" name="method" time="15.176"/>
  <system-out/>
</testsuite> <!-- maven.dropdown -->
