<?xml version="1.0" encoding="UTF-8"?>
<!-- Generated by org.testng.reporters.JUnitReportReporter -->
<testsuite hostname="USHYDANWRE1" failures="0" tests="1" name="maven.exceptionwithpage" time="44.674" errors="0" timestamp="2022-10-31T20:15:05 IST" skipped="0">
  <testcase classname="maven.exceptionwithpage" name="method" time="44.674"/>
  <system-out/>
</testsuite> <!-- maven.exceptionwithpage -->
