<?xml version="1.0" encoding="UTF-8"?>
<!-- Generated by org.testng.reporters.JUnitReportReporter -->
<testsuite hostname="USHYDANWRE1" failures="0" tests="2" name="maven.Assignment10" time="0.006" errors="0" timestamp="2021-08-11T11:34:14 IST" skipped="0">
  <testcase classname="maven.Assignment10" name="Upper" time="0.003"/>
  <system-out/>
  <testcase classname="maven.Assignment10" name="readAndWrite" time="0.003"/>
  <system-out/>
</testsuite> <!-- maven.Assignment10 -->
