<?xml version="1.0" encoding="UTF-8"?>
<!-- Generated by org.testng.reporters.JUnitReportReporter -->
<testsuite hostname="USHYDANWRE1" failures="0" tests="2" name="maven.AnnoationExample" time="0.006" errors="0" timestamp="2021-08-16T18:02:45 IST" skipped="0">
  <testcase classname="maven.AnnoationExample" name="testMethodsuite" time="0.005"/>
  <system-out/>
  <testcase classname="maven.AnnoationExample" name="testMethodsuite2" time="0.001"/>
  <system-out/>
</testsuite> <!-- maven.AnnoationExample -->
