<?xml version="1.0" encoding="UTF-8"?>
<!-- Generated by org.testng.reporters.JUnitReportReporter -->
<testsuite hostname="USHYDANWRE1" failures="0" tests="2" name="maven.Ass1" time="9.113" errors="0" timestamp="2021-08-15T17:56:36 IST" skipped="0">
  <testcase classname="maven.Ass1" name="method1" time="0.001"/>
  <system-out/>
  <testcase classname="maven.Ass1" name="method" time="9.112"/>
  <system-out/>
</testsuite> <!-- maven.Ass1 -->
