<?xml version="1.0" encoding="UTF-8"?>
<!-- Generated by org.testng.reporters.JUnitReportReporter -->
<testsuite hostname="USHYDANWRE1" failures="0" tests="1" name="maven.SSLCert" time="5.128" errors="0" timestamp="2021-08-12T12:20:46 IST" skipped="0">
  <testcase classname="maven.SSLCert" name="testSSLCertification" time="5.128"/>
  <system-out/>
</testsuite> <!-- maven.SSLCert -->
