<?xml version="1.0" encoding="UTF-8"?>
<!-- Generated by org.testng.reporters.JUnitReportReporter -->
<testsuite hostname="USHYDANWRE1" failures="0" tests="1" name="testMaven.PageResponse" time="0.000" errors="0" timestamp="2021-08-16T23:08:20 IST" skipped="1">
  <testcase classname="testMaven.PageResponse" name="TestPriceList" time="0.000">
    <skipped/>
  </testcase> <!-- TestPriceList -->
  <system-out/>
</testsuite> <!-- testMaven.PageResponse -->
